<?xml version="1.0" encoding="UTF-8"?>
<testsuite name="com.example.reactspringboot.ReactSpringBootApplicationTests" tests="1" skipped="0" failures="0" errors="0" timestamp="2022-03-29T06:37:13" hostname="DESKTOP-UCGHD1G" time="0.249">
  <properties/>
  <testcase name="contextLoads()" classname="com.example.reactspringboot.ReactSpringBootApplicationTests" time="0.249"/>
  <system-out><![CDATA[01:37:11.600 [Test worker] DEBUG org.springframework.test.context.BootstrapUtils - Instantiating CacheAwareContextLoaderDelegate from class [org.springframework.test.context.cache.DefaultCacheAwareContextLoaderDelegate]
01:37:11.607 [Test worker] DEBUG org.springframework.test.context.BootstrapUtils - Instantiating BootstrapContext using constructor [public org.springframework.test.context.support.DefaultBootstrapContext(java.lang.Class,org.springframework.test.context.CacheAwareContextLoaderDelegate)]
01:37:11.628 [Test worker] DEBUG org.springframework.test.context.BootstrapUtils - Instantiating TestContextBootstrapper for test class [com.example.reactspringboot.ReactSpringBootApplicationTests] from class [org.springframework.boot.test.context.SpringBootTestContextBootstrapper]
01:37:11.635 [Test worker] INFO org.springframework.boot.test.context.SpringBootTestContextBootstrapper - Neither @ContextConfiguration nor @ContextHierarchy found for test class [com.example.reactspringboot.ReactSpringBootApplicationTests], using SpringBootContextLoader
01:37:11.638 [Test worker] DEBUG org.springframework.test.context.support.AbstractContextLoader - Did not detect default resource location for test class [com.example.reactspringboot.ReactSpringBootApplicationTests]: class path resource [com/example/reactspringboot/ReactSpringBootApplicationTests-context.xml] does not exist
01:37:11.638 [Test worker] DEBUG org.springframework.test.context.support.AbstractContextLoader - Did not detect default resource location for test class [com.example.reactspringboot.ReactSpringBootApplicationTests]: class path resource [com/example/reactspringboot/ReactSpringBootApplicationTestsContext.groovy] does not exist
01:37:11.638 [Test worker] INFO org.springframework.test.context.support.AbstractContextLoader - Could not detect default resource locations for test class [com.example.reactspringboot.ReactSpringBootApplicationTests]: no resource found for suffixes {-context.xml, Context.groovy}.
01:37:11.639 [Test worker] INFO org.springframework.test.context.support.AnnotationConfigContextLoaderUtils - Could not detect default configuration classes for test class [com.example.reactspringboot.ReactSpringBootApplicationTests]: ReactSpringBootApplicationTests does not declare any static, non-private, non-final, nested classes annotated with @Configuration.
01:37:11.665 [Test worker] DEBUG org.springframework.test.context.support.ActiveProfilesUtils - Could not find an 'annotation declaring class' for annotation type [org.springframework.test.context.ActiveProfiles] and class [com.example.reactspringboot.ReactSpringBootApplicationTests]
01:37:11.704 [Test worker] DEBUG org.springframework.context.annotation.ClassPathScanningCandidateComponentProvider - Identified candidate component class: file [D:\SDE\CRepos\react-spring-boot\build\classes\java\main\com\example\reactspringboot\ReactSpringBootApplication.class]
01:37:11.705 [Test worker] INFO org.springframework.boot.test.context.SpringBootTestContextBootstrapper - Found @SpringBootConfiguration com.example.reactspringboot.ReactSpringBootApplication for test class com.example.reactspringboot.ReactSpringBootApplicationTests
01:37:11.776 [Test worker] DEBUG org.springframework.boot.test.context.SpringBootTestContextBootstrapper - @TestExecutionListeners is not present for class [com.example.reactspringboot.ReactSpringBootApplicationTests]: using defaults.
01:37:11.778 [Test worker] INFO org.springframework.boot.test.context.SpringBootTestContextBootstrapper - Loaded default TestExecutionListener class names from location [META-INF/spring.factories]: [org.springframework.boot.test.autoconfigure.restdocs.RestDocsTestExecutionListener, org.springframework.boot.test.autoconfigure.web.client.MockRestServiceServerResetTestExecutionListener, org.springframework.boot.test.autoconfigure.web.servlet.MockMvcPrintOnlyOnFailureTestExecutionListener, org.springframework.boot.test.autoconfigure.web.servlet.WebDriverTestExecutionListener, org.springframework.boot.test.autoconfigure.webservices.client.MockWebServiceServerTestExecutionListener, org.springframework.boot.test.mock.mockito.MockitoTestExecutionListener, org.springframework.boot.test.mock.mockito.ResetMocksTestExecutionListener, org.springframework.test.context.web.ServletTestExecutionListener, org.springframework.test.context.support.DirtiesContextBeforeModesTestExecutionListener, org.springframework.test.context.event.ApplicationEventsTestExecutionListener, org.springframework.test.context.support.DependencyInjectionTestExecutionListener, org.springframework.test.context.support.DirtiesContextTestExecutionListener, org.springframework.test.context.transaction.TransactionalTestExecutionListener, org.springframework.test.context.jdbc.SqlScriptsTestExecutionListener, org.springframework.test.context.event.EventPublishingTestExecutionListener]
01:37:11.789 [Test worker] INFO org.springframework.boot.test.context.SpringBootTestContextBootstrapper - Using TestExecutionListeners: [org.springframework.test.context.web.ServletTestExecutionListener@70e659aa, org.springframework.test.context.support.DirtiesContextBeforeModesTestExecutionListener@615f972, org.springframework.test.context.event.ApplicationEventsTestExecutionListener@285f09de, org.springframework.boot.test.mock.mockito.MockitoTestExecutionListener@73393584, org.springframework.boot.test.autoconfigure.SpringBootDependencyInjectionTestExecutionListener@31500940, org.springframework.test.context.support.DirtiesContextTestExecutionListener@1827a871, org.springframework.test.context.transaction.TransactionalTestExecutionListener@48e64352, org.springframework.test.context.jdbc.SqlScriptsTestExecutionListener@7249dadf, org.springframework.test.context.event.EventPublishingTestExecutionListener@4362d7df, org.springframework.boot.test.autoconfigure.restdocs.RestDocsTestExecutionListener@66238be2, org.springframework.boot.test.autoconfigure.web.client.MockRestServiceServerResetTestExecutionListener@1c25b8a7, org.springframework.boot.test.autoconfigure.web.servlet.MockMvcPrintOnlyOnFailureTestExecutionListener@200606de, org.springframework.boot.test.autoconfigure.web.servlet.WebDriverTestExecutionListener@750fe12e, org.springframework.boot.test.autoconfigure.webservices.client.MockWebServiceServerTestExecutionListener@f8908f6, org.springframework.boot.test.mock.mockito.ResetMocksTestExecutionListener@3e587920]
01:37:11.791 [Test worker] DEBUG org.springframework.test.context.support.AbstractDirtiesContextTestExecutionListener - Before test class: context [DefaultTestContext@425357dd testClass = ReactSpringBootApplicationTests, testInstance = [null], testMethod = [null], testException = [null], mergedContextConfiguration = [WebMergedContextConfiguration@2102a4d5 testClass = ReactSpringBootApplicationTests, locations = '{}', classes = '{class com.example.reactspringboot.ReactSpringBootApplication}', contextInitializerClasses = '[]', activeProfiles = '{}', propertySourceLocations = '{}', propertySourceProperties = '{org.springframework.boot.test.context.SpringBootTestContextBootstrapper=true}', contextCustomizers = set[org.springframework.boot.test.autoconfigure.actuate.metrics.MetricsExportContextCustomizerFactory$DisableMetricExportContextCustomizer@57ac5227, org.springframework.boot.test.autoconfigure.properties.PropertyMappingContextCustomizer@0, org.springframework.boot.test.autoconfigure.web.servlet.WebDriverContextCustomizerFactory$Customizer@a4ca3f6, org.springframework.boot.test.context.filter.ExcludeFilterContextCustomizer@b6b1987, org.springframework.boot.test.json.DuplicateJsonObjectContextCustomizerFactory$DuplicateJsonObjectContextCustomizer@66b7550d, org.springframework.boot.test.mock.mockito.MockitoContextCustomizer@0, org.springframework.boot.test.web.client.TestRestTemplateContextCustomizer@77a98a6a, org.springframework.boot.test.context.SpringBootTestArgs@1, org.springframework.boot.test.context.SpringBootTestWebEnvironment@2438dcd], resourceBasePath = 'src/main/webapp', contextLoader = 'org.springframework.boot.test.context.SpringBootContextLoader', parent = [null]], attributes = map['org.springframework.test.context.web.ServletTestExecutionListener.activateListener' -> true]], class annotated with @DirtiesContext [false] with mode [null].

  .   ____          _            __ _ _
 /\\ / ___'_ __ _ _(_)_ __  __ _ \ \ \ \
( ( )\___ | '_ | '_| | '_ \/ _` | \ \ \ \
 \\/  ___)| |_)| | | | | || (_| |  ) ) ) )
  '  |____| .__|_| |_|_| |_\__, | / / / /
 =========|_|==============|___/=/_/_/_/
 :: Spring Boot ::                (v2.6.5)

2022-03-29 01:37:12.007  INFO 19652 --- [    Test worker] c.e.r.ReactSpringBootApplicationTests    : Starting ReactSpringBootApplicationTests using Java 11.0.12 on DESKTOP-UCGHD1G with PID 19652 (started by natch in D:\SDE\CRepos\react-spring-boot)
2022-03-29 01:37:12.008  INFO 19652 --- [    Test worker] c.e.r.ReactSpringBootApplicationTests    : No active profile set, falling back to 1 default profile: "default"
2022-03-29 01:37:13.178  INFO 19652 --- [    Test worker] c.e.r.ReactSpringBootApplicationTests    : Started ReactSpringBootApplicationTests in 1.363 seconds (JVM running for 2.183)
]]></system-out>
  <system-err><![CDATA[]]></system-err>
</testsuite>
